[2024-12-08 23:04:39] 요청 데이터 - check_id: dddd
[2024-12-08 23:04:43] 요청 데이터 - check_id: a
[2024-12-08 23:04:45] 요청 데이터 - check_id: ss
[2024-12-08 23:04:52] 요청 데이터 - check_id: ss
[2024-12-08 23:04:55] 요청 데이터 - check_id: asdf
[2024-12-08 23:04:56] 요청 데이터 - check_id: a
[2024-12-08 23:05:21] 요청 데이터 - check_id: a
[2024-12-08 23:05:24] 요청 데이터 - check_id: aa
[2024-12-08 23:05:31] 요청 데이터 - check_id: aa
[2024-12-08 23:05:50] 요청 데이터 - check_id: aa
[2024-12-08 23:05:54] 요청 데이터 - check_id: aass
[2024-12-09 00:27:20] POST 데이터가 유효하지 않음: id = ""
[2024-12-09 00:27:21] POST 데이터가 유효하지 않음: id = ""
[2024-12-09 00:27:25] 요청 데이터 - check_id: qweqwe
[2024-12-09 00:27:29] POST 데이터가 유효하지 않음: id = ""
[2024-12-09 00:27:35] POST 데이터가 유효하지 않음: id = ""
[2024-12-09 03:49:34] POST 데이터가 유효하지 않음: id = ""
[2024-12-09 03:49:36] 요청 데이터 - check_id: asd
[2024-12-09 03:49:44] 요청 데이터 - check_id: ljw123455
[2024-12-09 03:52:52] 요청 데이터 - check_id: aaa
[2024-12-09 03:52:58] 요청 데이터 - check_id: ljw12334
[2024-12-09 03:53:25] 요청 데이터 - check_id: ljw051177
[2024-12-09 03:53:38] 요청 데이터 - check_id: test123
[2024-12-09 03:53:41] 요청 데이터 - check_id: a
[2024-12-09 04:02:07] 요청 데이터 - check_id: aaa
[2024-12-09 04:11:13] 요청 데이터 - check_id: 123qwertty
[2024-12-09 04:18:38] 요청 데이터 - check_id: qweaaa11
[2024-12-10 00:41:32] 요청 데이터 - check_id: ㅁㅁ
[2024-12-10 00:45:50] 요청 데이터 - check_id: ㅁㅁ
[2024-12-10 00:45:57] 요청 데이터 - check_id: aa
[2024-12-10 00:46:00] 요청 데이터 - check_id: aa2
[2024-12-10 00:46:03] 요청 데이터 - check_id: aa2ㅇ
[2024-12-10 00:46:26] 요청 데이터 - check_id: test123
[2024-12-10 00:46:29] 요청 데이터 - check_id: test1234
[2024-12-10 00:47:15] 요청 데이터 - check_id: test1234
[2024-12-10 00:48:36] 요청 데이터 - check_id: test1
[2024-12-10 00:48:40] 요청 데이터 - check_id: test1111
[2024-12-10 00:49:28] 요청 데이터 - check_id: test2222
[2024-12-10 00:49:37] 요청 데이터 - check_id: test3333
[2024-12-10 00:49:57] 요청 데이터 - check_id: test4444
[2024-12-10 00:50:19] 요청 데이터 - check_id: test5555
[2024-12-10 00:50:36] 요청 데이터 - check_id: test6666
[2024-12-10 00:50:59] 요청 데이터 - check_id: test7777
[2024-12-10 00:51:15] 요청 데이터 - check_id: test8888
[2024-12-10 00:51:33] 요청 데이터 - check_id: test9999
[2024-12-10 00:52:03] 요청 데이터 - check_id: test1010
[2024-12-10 00:52:24] 요청 데이터 - check_id: test1100
[2024-12-10 00:52:51] 요청 데이터 - check_id: test1200
[2024-12-10 21:37:56] 요청 데이터 - check_id: itsoftware123
[2024-12-10 21:38:30] POST 데이터가 유효하지 않음: id = ""
[2024-12-10 21:39:28] POST 데이터가 유효하지 않음: id = ""
[2024-12-10 21:39:32] 요청 데이터 - check_id: Qqq
[2024-12-10 21:39:38] 요청 데이터 - check_id: ㅏㅏㅏㅏ
[2024-12-10 21:39:49] 요청 데이터 - check_id: itsoft123
[2024-12-10 21:42:22] POST 데이터가 유효하지 않음: id = ""
[2024-12-10 21:42:25] 요청 데이터 - check_id: ㅇㅇ
[2024-12-10 21:42:37] 요청 데이터 - check_id: itsoft123
[2024-12-10 21:43:23] POST 데이터가 유효하지 않음: id = ""
[2024-12-10 21:43:26] 요청 데이터 - check_id: ㅇ
[2024-12-10 21:43:29] 요청 데이터 - check_id: I
[2024-12-10 21:43:37] 요청 데이터 - check_id: itsoft123
[2024-12-10 22:11:16] POST 데이터가 유효하지 않음: id = ""
[2024-12-10 22:11:20] 요청 데이터 - check_id: 1
[2024-12-10 22:11:28] 요청 데이터 - check_id: itsoft1234
[2024-12-10 22:12:11] POST 데이터가 유효하지 않음: id = ""
[2024-12-10 22:12:16] 요청 데이터 - check_id: 11
[2024-12-10 22:12:20] 요청 데이터 - check_id: Qqq1
[2024-12-10 22:12:27] 요청 데이터 - check_id: itsoft1234
[2024-12-10 22:12:35] 요청 데이터 - check_id: test1111
[2024-12-10 22:13:02] POST 데이터가 유효하지 않음: id = ""
[2024-12-10 22:13:05] 요청 데이터 - check_id: 1
[2024-12-10 22:13:09] 요청 데이터 - check_id: qq1
[2024-12-10 22:13:15] 요청 데이터 - check_id: test1111
[2024-12-10 22:13:23] 요청 데이터 - check_id: itsoft1234
